mode: set
github.com/yourusername/hft-poc/pkg/strategy/aggressive_strategy.go:41.59,57.2 2 1
github.com/yourusername/hft-poc/pkg/strategy/aggressive_strategy.go:60.72,67.64 4 1
github.com/yourusername/hft-poc/pkg/strategy/aggressive_strategy.go:67.64,69.3 1 1
github.com/yourusername/hft-poc/pkg/strategy/aggressive_strategy.go:70.2,70.67 1 1
github.com/yourusername/hft-poc/pkg/strategy/aggressive_strategy.go:70.67,72.3 1 1
github.com/yourusername/hft-poc/pkg/strategy/aggressive_strategy.go:73.2,73.68 1 1
github.com/yourusername/hft-poc/pkg/strategy/aggressive_strategy.go:73.68,75.3 1 1
github.com/yourusername/hft-poc/pkg/strategy/aggressive_strategy.go:76.2,76.62 1 1
github.com/yourusername/hft-poc/pkg/strategy/aggressive_strategy.go:76.62,78.3 1 1
github.com/yourusername/hft-poc/pkg/strategy/aggressive_strategy.go:79.2,79.69 1 1
github.com/yourusername/hft-poc/pkg/strategy/aggressive_strategy.go:79.69,81.3 1 1
github.com/yourusername/hft-poc/pkg/strategy/aggressive_strategy.go:82.2,82.69 1 1
github.com/yourusername/hft-poc/pkg/strategy/aggressive_strategy.go:82.69,84.3 1 1
github.com/yourusername/hft-poc/pkg/strategy/aggressive_strategy.go:85.2,85.71 1 1
github.com/yourusername/hft-poc/pkg/strategy/aggressive_strategy.go:85.71,87.3 1 1
github.com/yourusername/hft-poc/pkg/strategy/aggressive_strategy.go:88.2,88.66 1 1
github.com/yourusername/hft-poc/pkg/strategy/aggressive_strategy.go:88.66,90.3 1 1
github.com/yourusername/hft-poc/pkg/strategy/aggressive_strategy.go:91.2,91.69 1 1
github.com/yourusername/hft-poc/pkg/strategy/aggressive_strategy.go:91.69,93.3 1 1
github.com/yourusername/hft-poc/pkg/strategy/aggressive_strategy.go:94.2,94.69 1 1
github.com/yourusername/hft-poc/pkg/strategy/aggressive_strategy.go:94.69,96.3 1 1
github.com/yourusername/hft-poc/pkg/strategy/aggressive_strategy.go:100.2,105.16 3 1
github.com/yourusername/hft-poc/pkg/strategy/aggressive_strategy.go:105.16,107.3 1 0
github.com/yourusername/hft-poc/pkg/strategy/aggressive_strategy.go:110.2,115.16 3 1
github.com/yourusername/hft-poc/pkg/strategy/aggressive_strategy.go:115.16,117.3 1 0
github.com/yourusername/hft-poc/pkg/strategy/aggressive_strategy.go:120.2,125.16 3 1
github.com/yourusername/hft-poc/pkg/strategy/aggressive_strategy.go:125.16,127.3 1 0
github.com/yourusername/hft-poc/pkg/strategy/aggressive_strategy.go:129.2,132.12 2 1
github.com/yourusername/hft-poc/pkg/strategy/aggressive_strategy.go:136.71,140.21 3 1
github.com/yourusername/hft-poc/pkg/strategy/aggressive_strategy.go:140.21,142.3 1 0
github.com/yourusername/hft-poc/pkg/strategy/aggressive_strategy.go:145.2,148.52 2 1
github.com/yourusername/hft-poc/pkg/strategy/aggressive_strategy.go:148.52,150.3 1 0
github.com/yourusername/hft-poc/pkg/strategy/aggressive_strategy.go:151.2,160.56 6 1
github.com/yourusername/hft-poc/pkg/strategy/aggressive_strategy.go:160.56,162.3 1 1
github.com/yourusername/hft-poc/pkg/strategy/aggressive_strategy.go:165.2,165.50 1 1
github.com/yourusername/hft-poc/pkg/strategy/aggressive_strategy.go:165.50,167.29 2 1
github.com/yourusername/hft-poc/pkg/strategy/aggressive_strategy.go:167.29,169.41 1 1
github.com/yourusername/hft-poc/pkg/strategy/aggressive_strategy.go:169.41,174.5 3 1
github.com/yourusername/hft-poc/pkg/strategy/aggressive_strategy.go:175.4,175.42 1 1
github.com/yourusername/hft-poc/pkg/strategy/aggressive_strategy.go:175.42,180.5 3 1
github.com/yourusername/hft-poc/pkg/strategy/aggressive_strategy.go:181.9,183.40 1 0
github.com/yourusername/hft-poc/pkg/strategy/aggressive_strategy.go:183.40,188.5 3 0
github.com/yourusername/hft-poc/pkg/strategy/aggressive_strategy.go:189.4,189.43 1 0
github.com/yourusername/hft-poc/pkg/strategy/aggressive_strategy.go:189.43,194.5 3 0
github.com/yourusername/hft-poc/pkg/strategy/aggressive_strategy.go:199.2,200.25 2 1
github.com/yourusername/hft-poc/pkg/strategy/aggressive_strategy.go:204.74,207.38 2 1
github.com/yourusername/hft-poc/pkg/strategy/aggressive_strategy.go:207.38,209.3 1 0
github.com/yourusername/hft-poc/pkg/strategy/aggressive_strategy.go:211.2,212.41 2 1
github.com/yourusername/hft-poc/pkg/strategy/aggressive_strategy.go:212.41,214.3 1 0
github.com/yourusername/hft-poc/pkg/strategy/aggressive_strategy.go:216.2,217.36 2 1
github.com/yourusername/hft-poc/pkg/strategy/aggressive_strategy.go:217.36,219.3 1 1
github.com/yourusername/hft-poc/pkg/strategy/aggressive_strategy.go:221.2,226.35 4 1
github.com/yourusername/hft-poc/pkg/strategy/aggressive_strategy.go:226.35,228.3 1 0
github.com/yourusername/hft-poc/pkg/strategy/aggressive_strategy.go:233.2,247.43 7 1
github.com/yourusername/hft-poc/pkg/strategy/aggressive_strategy.go:247.43,249.3 1 0
github.com/yourusername/hft-poc/pkg/strategy/aggressive_strategy.go:252.2,253.27 2 1
github.com/yourusername/hft-poc/pkg/strategy/aggressive_strategy.go:253.27,257.3 2 0
github.com/yourusername/hft-poc/pkg/strategy/aggressive_strategy.go:260.2,260.16 1 1
github.com/yourusername/hft-poc/pkg/strategy/aggressive_strategy.go:260.16,262.47 1 1
github.com/yourusername/hft-poc/pkg/strategy/aggressive_strategy.go:262.47,264.4 1 0
github.com/yourusername/hft-poc/pkg/strategy/aggressive_strategy.go:265.3,265.59 1 1
github.com/yourusername/hft-poc/pkg/strategy/aggressive_strategy.go:265.59,267.4 1 0
github.com/yourusername/hft-poc/pkg/strategy/aggressive_strategy.go:270.3,287.30 3 1
github.com/yourusername/hft-poc/pkg/strategy/aggressive_strategy.go:287.30,289.4 1 1
github.com/yourusername/hft-poc/pkg/strategy/aggressive_strategy.go:291.8,293.48 1 1
github.com/yourusername/hft-poc/pkg/strategy/aggressive_strategy.go:293.48,295.4 1 0
github.com/yourusername/hft-poc/pkg/strategy/aggressive_strategy.go:296.3,296.60 1 1
github.com/yourusername/hft-poc/pkg/strategy/aggressive_strategy.go:296.60,298.4 1 0
github.com/yourusername/hft-poc/pkg/strategy/aggressive_strategy.go:301.3,318.30 3 1
github.com/yourusername/hft-poc/pkg/strategy/aggressive_strategy.go:318.30,320.4 1 1
github.com/yourusername/hft-poc/pkg/strategy/aggressive_strategy.go:325.92,326.29 1 1
github.com/yourusername/hft-poc/pkg/strategy/aggressive_strategy.go:326.29,328.3 1 0
github.com/yourusername/hft-poc/pkg/strategy/aggressive_strategy.go:330.2,331.28 2 1
github.com/yourusername/hft-poc/pkg/strategy/aggressive_strategy.go:331.28,347.3 1 1
github.com/yourusername/hft-poc/pkg/strategy/aggressive_strategy.go:347.8,363.3 1 0
github.com/yourusername/hft-poc/pkg/strategy/aggressive_strategy.go:365.2,368.48 3 1
github.com/yourusername/hft-poc/pkg/strategy/aggressive_strategy.go:372.72,376.21 3 0
github.com/yourusername/hft-poc/pkg/strategy/aggressive_strategy.go:376.21,378.3 1 0
github.com/yourusername/hft-poc/pkg/strategy/aggressive_strategy.go:381.2,381.27 1 0
github.com/yourusername/hft-poc/pkg/strategy/aggressive_strategy.go:385.54,390.21 3 0
github.com/yourusername/hft-poc/pkg/strategy/aggressive_strategy.go:390.21,392.3 1 0
github.com/yourusername/hft-poc/pkg/strategy/aggressive_strategy.go:396.45,403.2 5 1
github.com/yourusername/hft-poc/pkg/strategy/aggressive_strategy.go:406.44,413.2 5 1
github.com/yourusername/hft-poc/pkg/strategy/engine.go:45.62,56.2 2 0
github.com/yourusername/hft-poc/pkg/strategy/engine.go:59.46,63.16 3 0
github.com/yourusername/hft-poc/pkg/strategy/engine.go:63.16,65.3 1 0
github.com/yourusername/hft-poc/pkg/strategy/engine.go:66.2,70.16 3 0
github.com/yourusername/hft-poc/pkg/strategy/engine.go:70.16,72.3 1 0
github.com/yourusername/hft-poc/pkg/strategy/engine.go:75.2,78.12 3 0
github.com/yourusername/hft-poc/pkg/strategy/engine.go:82.64,87.44 4 0
github.com/yourusername/hft-poc/pkg/strategy/engine.go:87.44,89.3 1 0
github.com/yourusername/hft-poc/pkg/strategy/engine.go:91.2,93.12 3 0
github.com/yourusername/hft-poc/pkg/strategy/engine.go:97.67,102.13 4 0
github.com/yourusername/hft-poc/pkg/strategy/engine.go:102.13,104.3 1 0
github.com/yourusername/hft-poc/pkg/strategy/engine.go:107.2,107.26 1 0
github.com/yourusername/hft-poc/pkg/strategy/engine.go:107.26,109.3 1 0
github.com/yourusername/hft-poc/pkg/strategy/engine.go:111.2,113.12 3 0
github.com/yourusername/hft-poc/pkg/strategy/engine.go:117.75,122.2 4 0
github.com/yourusername/hft-poc/pkg/strategy/engine.go:125.41,127.18 2 0
github.com/yourusername/hft-poc/pkg/strategy/engine.go:127.18,130.3 2 0
github.com/yourusername/hft-poc/pkg/strategy/engine.go:131.2,148.12 10 0
github.com/yourusername/hft-poc/pkg/strategy/engine.go:152.40,154.19 2 0
github.com/yourusername/hft-poc/pkg/strategy/engine.go:154.19,157.3 2 0
github.com/yourusername/hft-poc/pkg/strategy/engine.go:158.2,165.41 5 0
github.com/yourusername/hft-poc/pkg/strategy/engine.go:165.41,166.27 1 0
github.com/yourusername/hft-poc/pkg/strategy/engine.go:166.27,168.4 1 0
github.com/yourusername/hft-poc/pkg/strategy/engine.go:170.2,176.46 3 0
github.com/yourusername/hft-poc/pkg/strategy/engine.go:176.46,179.3 2 0
github.com/yourusername/hft-poc/pkg/strategy/engine.go:182.2,182.24 1 0
github.com/yourusername/hft-poc/pkg/strategy/engine.go:182.24,184.3 1 0
github.com/yourusername/hft-poc/pkg/strategy/engine.go:187.2,190.12 3 0
github.com/yourusername/hft-poc/pkg/strategy/engine.go:194.68,198.53 3 0
github.com/yourusername/hft-poc/pkg/strategy/engine.go:198.53,200.3 1 0
github.com/yourusername/hft-poc/pkg/strategy/engine.go:202.2,203.65 2 0
github.com/yourusername/hft-poc/pkg/strategy/engine.go:203.65,212.3 3 0
github.com/yourusername/hft-poc/pkg/strategy/engine.go:214.2,214.16 1 0
github.com/yourusername/hft-poc/pkg/strategy/engine.go:214.16,216.3 1 0
github.com/yourusername/hft-poc/pkg/strategy/engine.go:218.2,220.12 3 0
github.com/yourusername/hft-poc/pkg/strategy/engine.go:224.73,228.41 3 0
github.com/yourusername/hft-poc/pkg/strategy/engine.go:228.41,229.28 1 0
github.com/yourusername/hft-poc/pkg/strategy/engine.go:229.28,230.12 1 0
github.com/yourusername/hft-poc/pkg/strategy/engine.go:234.3,234.23 1 0
github.com/yourusername/hft-poc/pkg/strategy/engine.go:234.23,235.17 1 0
github.com/yourusername/hft-poc/pkg/strategy/engine.go:235.17,236.33 1 0
github.com/yourusername/hft-poc/pkg/strategy/engine.go:236.33,238.6 1 0
github.com/yourusername/hft-poc/pkg/strategy/engine.go:241.4,245.35 3 0
github.com/yourusername/hft-poc/pkg/strategy/engine.go:245.35,246.12 1 0
github.com/yourusername/hft-poc/pkg/strategy/engine.go:247.34,247.34 0 0
github.com/yourusername/hft-poc/pkg/strategy/engine.go:248.26,249.12 1 0
github.com/yourusername/hft-poc/pkg/strategy/engine.go:257.57,260.63 2 0
github.com/yourusername/hft-poc/pkg/strategy/engine.go:260.63,268.3 3 0
github.com/yourusername/hft-poc/pkg/strategy/engine.go:270.2,270.16 1 0
github.com/yourusername/hft-poc/pkg/strategy/engine.go:270.16,272.3 1 0
github.com/yourusername/hft-poc/pkg/strategy/engine.go:274.2,275.12 2 0
github.com/yourusername/hft-poc/pkg/strategy/engine.go:279.74,284.41 3 0
github.com/yourusername/hft-poc/pkg/strategy/engine.go:284.41,285.28 1 0
github.com/yourusername/hft-poc/pkg/strategy/engine.go:285.28,286.12 1 0
github.com/yourusername/hft-poc/pkg/strategy/engine.go:289.3,289.23 1 0
github.com/yourusername/hft-poc/pkg/strategy/engine.go:289.23,290.17 1 0
github.com/yourusername/hft-poc/pkg/strategy/engine.go:290.17,291.33 1 0
github.com/yourusername/hft-poc/pkg/strategy/engine.go:291.33,293.6 1 0
github.com/yourusername/hft-poc/pkg/strategy/engine.go:296.4,296.27 1 0
github.com/yourusername/hft-poc/pkg/strategy/engine.go:302.43,307.6 3 0
github.com/yourusername/hft-poc/pkg/strategy/engine.go:307.6,308.10 1 0
github.com/yourusername/hft-poc/pkg/strategy/engine.go:309.34,318.18 5 0
github.com/yourusername/hft-poc/pkg/strategy/engine.go:318.18,320.5 1 0
github.com/yourusername/hft-poc/pkg/strategy/engine.go:320.10,323.5 1 0
github.com/yourusername/hft-poc/pkg/strategy/engine.go:325.24,327.10 2 0
github.com/yourusername/hft-poc/pkg/strategy/engine.go:333.113,340.2 1 0
github.com/yourusername/hft-poc/pkg/strategy/engine.go:343.39,351.6 5 0
github.com/yourusername/hft-poc/pkg/strategy/engine.go:351.6,352.10 1 0
github.com/yourusername/hft-poc/pkg/strategy/engine.go:353.26,355.43 2 0
github.com/yourusername/hft-poc/pkg/strategy/engine.go:355.43,356.29 1 0
github.com/yourusername/hft-poc/pkg/strategy/engine.go:356.29,357.39 1 0
github.com/yourusername/hft-poc/pkg/strategy/engine.go:357.39,358.20 1 0
github.com/yourusername/hft-poc/pkg/strategy/engine.go:358.20,359.36 1 0
github.com/yourusername/hft-poc/pkg/strategy/engine.go:359.36,361.9 1 0
github.com/yourusername/hft-poc/pkg/strategy/engine.go:363.7,363.19 1 0
github.com/yourusername/hft-poc/pkg/strategy/engine.go:367.4,367.19 1 0
github.com/yourusername/hft-poc/pkg/strategy/engine.go:369.24,371.10 2 0
github.com/yourusername/hft-poc/pkg/strategy/engine.go:377.71,382.42 4 0
github.com/yourusername/hft-poc/pkg/strategy/engine.go:382.42,384.3 1 0
github.com/yourusername/hft-poc/pkg/strategy/engine.go:385.2,385.17 1 0
github.com/yourusername/hft-poc/pkg/strategy/engine.go:389.45,397.41 6 0
github.com/yourusername/hft-poc/pkg/strategy/engine.go:397.41,410.3 8 0
github.com/yourusername/hft-poc/pkg/strategy/engine.go:412.2,412.197 1 0
github.com/yourusername/hft-poc/pkg/strategy/hedging_strategy.go:48.53,66.2 2 1
github.com/yourusername/hft-poc/pkg/strategy/hedging_strategy.go:69.69,76.29 4 1
github.com/yourusername/hft-poc/pkg/strategy/hedging_strategy.go:76.29,78.3 1 1
github.com/yourusername/hft-poc/pkg/strategy/hedging_strategy.go:80.2,84.63 3 1
github.com/yourusername/hft-poc/pkg/strategy/hedging_strategy.go:84.63,86.3 1 1
github.com/yourusername/hft-poc/pkg/strategy/hedging_strategy.go:87.2,87.71 1 1
github.com/yourusername/hft-poc/pkg/strategy/hedging_strategy.go:87.71,89.3 1 1
github.com/yourusername/hft-poc/pkg/strategy/hedging_strategy.go:90.2,90.62 1 1
github.com/yourusername/hft-poc/pkg/strategy/hedging_strategy.go:90.62,92.3 1 1
github.com/yourusername/hft-poc/pkg/strategy/hedging_strategy.go:93.2,93.69 1 1
github.com/yourusername/hft-poc/pkg/strategy/hedging_strategy.go:93.69,95.3 1 1
github.com/yourusername/hft-poc/pkg/strategy/hedging_strategy.go:96.2,96.62 1 1
github.com/yourusername/hft-poc/pkg/strategy/hedging_strategy.go:96.62,98.3 1 1
github.com/yourusername/hft-poc/pkg/strategy/hedging_strategy.go:99.2,99.68 1 1
github.com/yourusername/hft-poc/pkg/strategy/hedging_strategy.go:99.68,101.3 1 1
github.com/yourusername/hft-poc/pkg/strategy/hedging_strategy.go:102.2,102.70 1 1
github.com/yourusername/hft-poc/pkg/strategy/hedging_strategy.go:102.70,104.3 1 1
github.com/yourusername/hft-poc/pkg/strategy/hedging_strategy.go:105.2,105.64 1 1
github.com/yourusername/hft-poc/pkg/strategy/hedging_strategy.go:105.64,107.3 1 1
github.com/yourusername/hft-poc/pkg/strategy/hedging_strategy.go:108.2,108.73 1 1
github.com/yourusername/hft-poc/pkg/strategy/hedging_strategy.go:108.73,110.3 1 1
github.com/yourusername/hft-poc/pkg/strategy/hedging_strategy.go:113.2,117.16 3 1
github.com/yourusername/hft-poc/pkg/strategy/hedging_strategy.go:117.16,119.3 1 0
github.com/yourusername/hft-poc/pkg/strategy/hedging_strategy.go:121.2,124.12 2 1
github.com/yourusername/hft-poc/pkg/strategy/hedging_strategy.go:128.68,132.21 3 1
github.com/yourusername/hft-poc/pkg/strategy/hedging_strategy.go:132.21,134.3 1 0
github.com/yourusername/hft-poc/pkg/strategy/hedging_strategy.go:137.2,140.52 2 1
github.com/yourusername/hft-poc/pkg/strategy/hedging_strategy.go:140.52,142.3 1 0
github.com/yourusername/hft-poc/pkg/strategy/hedging_strategy.go:143.2,145.35 2 1
github.com/yourusername/hft-poc/pkg/strategy/hedging_strategy.go:145.35,148.48 3 1
github.com/yourusername/hft-poc/pkg/strategy/hedging_strategy.go:148.48,150.4 1 1
github.com/yourusername/hft-poc/pkg/strategy/hedging_strategy.go:151.8,151.40 1 1
github.com/yourusername/hft-poc/pkg/strategy/hedging_strategy.go:151.40,154.46 3 1
github.com/yourusername/hft-poc/pkg/strategy/hedging_strategy.go:154.46,156.4 1 0
github.com/yourusername/hft-poc/pkg/strategy/hedging_strategy.go:160.2,161.18 2 1
github.com/yourusername/hft-poc/pkg/strategy/hedging_strategy.go:161.18,164.3 2 1
github.com/yourusername/hft-poc/pkg/strategy/hedging_strategy.go:167.2,168.61 2 1
github.com/yourusername/hft-poc/pkg/strategy/hedging_strategy.go:168.61,170.3 1 0
github.com/yourusername/hft-poc/pkg/strategy/hedging_strategy.go:173.2,173.76 1 1
github.com/yourusername/hft-poc/pkg/strategy/hedging_strategy.go:173.76,175.3 1 1
github.com/yourusername/hft-poc/pkg/strategy/hedging_strategy.go:178.2,182.44 3 1
github.com/yourusername/hft-poc/pkg/strategy/hedging_strategy.go:182.44,185.3 2 1
github.com/yourusername/hft-poc/pkg/strategy/hedging_strategy.go:189.47,191.77 2 1
github.com/yourusername/hft-poc/pkg/strategy/hedging_strategy.go:191.77,193.3 1 1
github.com/yourusername/hft-poc/pkg/strategy/hedging_strategy.go:196.2,202.36 5 1
github.com/yourusername/hft-poc/pkg/strategy/hedging_strategy.go:202.36,203.24 1 1
github.com/yourusername/hft-poc/pkg/strategy/hedging_strategy.go:203.24,205.4 1 1
github.com/yourusername/hft-poc/pkg/strategy/hedging_strategy.go:206.3,206.22 1 1
github.com/yourusername/hft-poc/pkg/strategy/hedging_strategy.go:206.22,208.4 1 1
github.com/yourusername/hft-poc/pkg/strategy/hedging_strategy.go:212.2,213.32 2 1
github.com/yourusername/hft-poc/pkg/strategy/hedging_strategy.go:213.32,216.3 2 1
github.com/yourusername/hft-poc/pkg/strategy/hedging_strategy.go:217.2,222.32 4 1
github.com/yourusername/hft-poc/pkg/strategy/hedging_strategy.go:222.32,227.3 4 1
github.com/yourusername/hft-poc/pkg/strategy/hedging_strategy.go:229.2,229.22 1 1
github.com/yourusername/hft-poc/pkg/strategy/hedging_strategy.go:229.22,236.3 3 1
github.com/yourusername/hft-poc/pkg/strategy/hedging_strategy.go:240.45,247.2 3 1
github.com/yourusername/hft-poc/pkg/strategy/hedging_strategy.go:250.65,257.19 4 1
github.com/yourusername/hft-poc/pkg/strategy/hedging_strategy.go:257.19,259.3 1 0
github.com/yourusername/hft-poc/pkg/strategy/hedging_strategy.go:262.2,262.82 1 1
github.com/yourusername/hft-poc/pkg/strategy/hedging_strategy.go:262.82,264.3 1 0
github.com/yourusername/hft-poc/pkg/strategy/hedging_strategy.go:267.2,268.31 2 1
github.com/yourusername/hft-poc/pkg/strategy/hedging_strategy.go:268.31,270.28 2 1
github.com/yourusername/hft-poc/pkg/strategy/hedging_strategy.go:270.28,274.4 2 1
github.com/yourusername/hft-poc/pkg/strategy/hedging_strategy.go:278.2,280.18 3 0
github.com/yourusername/hft-poc/pkg/strategy/hedging_strategy.go:280.18,283.3 2 0
github.com/yourusername/hft-poc/pkg/strategy/hedging_strategy.go:283.8,287.3 3 0
github.com/yourusername/hft-poc/pkg/strategy/hedging_strategy.go:289.2,308.74 3 0
github.com/yourusername/hft-poc/pkg/strategy/hedging_strategy.go:312.69,316.21 3 0
github.com/yourusername/hft-poc/pkg/strategy/hedging_strategy.go:316.21,318.3 1 0
github.com/yourusername/hft-poc/pkg/strategy/hedging_strategy.go:321.2,321.27 1 0
github.com/yourusername/hft-poc/pkg/strategy/hedging_strategy.go:325.51,330.21 3 0
github.com/yourusername/hft-poc/pkg/strategy/hedging_strategy.go:330.21,332.3 1 0
github.com/yourusername/hft-poc/pkg/strategy/hedging_strategy.go:335.2,335.24 1 0
github.com/yourusername/hft-poc/pkg/strategy/hedging_strategy.go:335.24,338.3 1 0
github.com/yourusername/hft-poc/pkg/strategy/hedging_strategy.go:342.42,349.2 5 1
github.com/yourusername/hft-poc/pkg/strategy/hedging_strategy.go:352.41,359.2 5 1
github.com/yourusername/hft-poc/pkg/strategy/hedging_strategy.go:362.68,376.2 3 1
github.com/yourusername/hft-poc/pkg/strategy/pairwise_arb_strategy.go:57.61,77.2 2 1
github.com/yourusername/hft-poc/pkg/strategy/pairwise_arb_strategy.go:80.74,87.30 4 1
github.com/yourusername/hft-poc/pkg/strategy/pairwise_arb_strategy.go:87.30,89.3 1 1
github.com/yourusername/hft-poc/pkg/strategy/pairwise_arb_strategy.go:91.2,95.67 3 1
github.com/yourusername/hft-poc/pkg/strategy/pairwise_arb_strategy.go:95.67,97.3 1 1
github.com/yourusername/hft-poc/pkg/strategy/pairwise_arb_strategy.go:98.2,98.64 1 1
github.com/yourusername/hft-poc/pkg/strategy/pairwise_arb_strategy.go:98.64,100.3 1 1
github.com/yourusername/hft-poc/pkg/strategy/pairwise_arb_strategy.go:101.2,101.63 1 1
github.com/yourusername/hft-poc/pkg/strategy/pairwise_arb_strategy.go:101.63,103.3 1 1
github.com/yourusername/hft-poc/pkg/strategy/pairwise_arb_strategy.go:104.2,104.62 1 1
github.com/yourusername/hft-poc/pkg/strategy/pairwise_arb_strategy.go:104.62,106.3 1 1
github.com/yourusername/hft-poc/pkg/strategy/pairwise_arb_strategy.go:107.2,107.69 1 1
github.com/yourusername/hft-poc/pkg/strategy/pairwise_arb_strategy.go:107.69,109.3 1 1
github.com/yourusername/hft-poc/pkg/strategy/pairwise_arb_strategy.go:110.2,110.67 1 1
github.com/yourusername/hft-poc/pkg/strategy/pairwise_arb_strategy.go:110.67,112.3 1 1
github.com/yourusername/hft-poc/pkg/strategy/pairwise_arb_strategy.go:113.2,113.62 1 1
github.com/yourusername/hft-poc/pkg/strategy/pairwise_arb_strategy.go:113.62,115.3 1 1
github.com/yourusername/hft-poc/pkg/strategy/pairwise_arb_strategy.go:116.2,116.66 1 1
github.com/yourusername/hft-poc/pkg/strategy/pairwise_arb_strategy.go:116.66,118.3 1 1
github.com/yourusername/hft-poc/pkg/strategy/pairwise_arb_strategy.go:119.2,119.69 1 1
github.com/yourusername/hft-poc/pkg/strategy/pairwise_arb_strategy.go:119.69,121.3 1 1
github.com/yourusername/hft-poc/pkg/strategy/pairwise_arb_strategy.go:123.2,126.12 2 1
github.com/yourusername/hft-poc/pkg/strategy/pairwise_arb_strategy.go:130.73,134.22 3 1
github.com/yourusername/hft-poc/pkg/strategy/pairwise_arb_strategy.go:134.22,136.3 1 0
github.com/yourusername/hft-poc/pkg/strategy/pairwise_arb_strategy.go:139.2,142.52 2 1
github.com/yourusername/hft-poc/pkg/strategy/pairwise_arb_strategy.go:142.52,144.3 1 0
github.com/yourusername/hft-poc/pkg/strategy/pairwise_arb_strategy.go:145.2,147.30 2 1
github.com/yourusername/hft-poc/pkg/strategy/pairwise_arb_strategy.go:147.30,150.49 3 1
github.com/yourusername/hft-poc/pkg/strategy/pairwise_arb_strategy.go:150.49,152.4 1 1
github.com/yourusername/hft-poc/pkg/strategy/pairwise_arb_strategy.go:153.8,153.37 1 1
github.com/yourusername/hft-poc/pkg/strategy/pairwise_arb_strategy.go:153.37,156.49 3 1
github.com/yourusername/hft-poc/pkg/strategy/pairwise_arb_strategy.go:156.49,158.4 1 1
github.com/yourusername/hft-poc/pkg/strategy/pairwise_arb_strategy.go:162.2,162.40 1 1
github.com/yourusername/hft-poc/pkg/strategy/pairwise_arb_strategy.go:162.40,164.3 1 1
github.com/yourusername/hft-poc/pkg/strategy/pairwise_arb_strategy.go:167.2,179.55 7 1
github.com/yourusername/hft-poc/pkg/strategy/pairwise_arb_strategy.go:179.55,181.3 1 1
github.com/yourusername/hft-poc/pkg/strategy/pairwise_arb_strategy.go:184.2,184.29 1 1
github.com/yourusername/hft-poc/pkg/strategy/pairwise_arb_strategy.go:184.29,186.3 1 1
github.com/yourusername/hft-poc/pkg/strategy/pairwise_arb_strategy.go:189.2,190.25 2 1
github.com/yourusername/hft-poc/pkg/strategy/pairwise_arb_strategy.go:194.51,195.40 1 1
github.com/yourusername/hft-poc/pkg/strategy/pairwise_arb_strategy.go:195.40,197.3 1 0
github.com/yourusername/hft-poc/pkg/strategy/pairwise_arb_strategy.go:199.2,199.24 1 1
github.com/yourusername/hft-poc/pkg/strategy/pairwise_arb_strategy.go:200.15,201.46 1 1
github.com/yourusername/hft-poc/pkg/strategy/pairwise_arb_strategy.go:202.20,203.14 1 1
github.com/yourusername/hft-poc/pkg/strategy/pairwise_arb_strategy.go:204.10,205.61 1 1
github.com/yourusername/hft-poc/pkg/strategy/pairwise_arb_strategy.go:209.2,210.48 2 1
github.com/yourusername/hft-poc/pkg/strategy/pairwise_arb_strategy.go:210.48,212.3 1 1
github.com/yourusername/hft-poc/pkg/strategy/pairwise_arb_strategy.go:216.52,218.28 2 1
github.com/yourusername/hft-poc/pkg/strategy/pairwise_arb_strategy.go:218.28,220.3 1 1
github.com/yourusername/hft-poc/pkg/strategy/pairwise_arb_strategy.go:223.2,227.29 3 1
github.com/yourusername/hft-poc/pkg/strategy/pairwise_arb_strategy.go:227.29,229.3 1 1
github.com/yourusername/hft-poc/pkg/strategy/pairwise_arb_strategy.go:230.2,234.29 3 1
github.com/yourusername/hft-poc/pkg/strategy/pairwise_arb_strategy.go:234.29,237.3 2 1
github.com/yourusername/hft-poc/pkg/strategy/pairwise_arb_strategy.go:238.2,242.27 3 1
github.com/yourusername/hft-poc/pkg/strategy/pairwise_arb_strategy.go:242.27,244.3 1 1
github.com/yourusername/hft-poc/pkg/strategy/pairwise_arb_strategy.go:247.2,247.60 1 1
github.com/yourusername/hft-poc/pkg/strategy/pairwise_arb_strategy.go:247.60,249.3 1 1
github.com/yourusername/hft-poc/pkg/strategy/pairwise_arb_strategy.go:253.52,256.56 3 1
github.com/yourusername/hft-poc/pkg/strategy/pairwise_arb_strategy.go:256.56,258.3 1 1
github.com/yourusername/hft-poc/pkg/strategy/pairwise_arb_strategy.go:261.2,266.24 4 1
github.com/yourusername/hft-poc/pkg/strategy/pairwise_arb_strategy.go:266.24,269.3 2 1
github.com/yourusername/hft-poc/pkg/strategy/pairwise_arb_strategy.go:270.2,275.24 4 1
github.com/yourusername/hft-poc/pkg/strategy/pairwise_arb_strategy.go:275.24,280.3 4 1
github.com/yourusername/hft-poc/pkg/strategy/pairwise_arb_strategy.go:282.2,282.22 1 1
github.com/yourusername/hft-poc/pkg/strategy/pairwise_arb_strategy.go:282.22,288.3 3 1
github.com/yourusername/hft-poc/pkg/strategy/pairwise_arb_strategy.go:292.57,295.56 3 1
github.com/yourusername/hft-poc/pkg/strategy/pairwise_arb_strategy.go:295.56,297.3 1 1
github.com/yourusername/hft-poc/pkg/strategy/pairwise_arb_strategy.go:300.2,306.42 4 1
github.com/yourusername/hft-poc/pkg/strategy/pairwise_arb_strategy.go:310.78,311.37 1 1
github.com/yourusername/hft-poc/pkg/strategy/pairwise_arb_strategy.go:311.37,313.3 1 0
github.com/yourusername/hft-poc/pkg/strategy/pairwise_arb_strategy.go:316.2,317.19 2 1
github.com/yourusername/hft-poc/pkg/strategy/pairwise_arb_strategy.go:317.19,320.3 2 1
github.com/yourusername/hft-poc/pkg/strategy/pairwise_arb_strategy.go:321.2,326.19 4 1
github.com/yourusername/hft-poc/pkg/strategy/pairwise_arb_strategy.go:326.19,332.3 5 1
github.com/yourusername/hft-poc/pkg/strategy/pairwise_arb_strategy.go:334.2,335.25 2 1
github.com/yourusername/hft-poc/pkg/strategy/pairwise_arb_strategy.go:335.25,337.3 1 1
github.com/yourusername/hft-poc/pkg/strategy/pairwise_arb_strategy.go:339.2,339.32 1 1
github.com/yourusername/hft-poc/pkg/strategy/pairwise_arb_strategy.go:343.76,344.27 1 1
github.com/yourusername/hft-poc/pkg/strategy/pairwise_arb_strategy.go:344.27,346.3 1 0
github.com/yourusername/hft-poc/pkg/strategy/pairwise_arb_strategy.go:349.2,349.52 1 1
github.com/yourusername/hft-poc/pkg/strategy/pairwise_arb_strategy.go:349.52,351.28 1 0
github.com/yourusername/hft-poc/pkg/strategy/pairwise_arb_strategy.go:351.28,354.4 1 0
github.com/yourusername/hft-poc/pkg/strategy/pairwise_arb_strategy.go:354.9,357.4 1 0
github.com/yourusername/hft-poc/pkg/strategy/pairwise_arb_strategy.go:358.3,358.9 1 0
github.com/yourusername/hft-poc/pkg/strategy/pairwise_arb_strategy.go:362.2,362.76 1 1
github.com/yourusername/hft-poc/pkg/strategy/pairwise_arb_strategy.go:362.76,365.3 1 0
github.com/yourusername/hft-poc/pkg/strategy/pairwise_arb_strategy.go:369.111,371.73 1 0
github.com/yourusername/hft-poc/pkg/strategy/pairwise_arb_strategy.go:371.73,373.3 1 0
github.com/yourusername/hft-poc/pkg/strategy/pairwise_arb_strategy.go:375.2,376.25 2 0
github.com/yourusername/hft-poc/pkg/strategy/pairwise_arb_strategy.go:376.25,379.3 2 0
github.com/yourusername/hft-poc/pkg/strategy/pairwise_arb_strategy.go:379.8,382.3 2 0
github.com/yourusername/hft-poc/pkg/strategy/pairwise_arb_strategy.go:385.2,433.25 7 0
github.com/yourusername/hft-poc/pkg/strategy/pairwise_arb_strategy.go:433.25,436.3 2 0
github.com/yourusername/hft-poc/pkg/strategy/pairwise_arb_strategy.go:436.8,439.3 2 0
github.com/yourusername/hft-poc/pkg/strategy/pairwise_arb_strategy.go:443.80,444.27 1 0
github.com/yourusername/hft-poc/pkg/strategy/pairwise_arb_strategy.go:444.27,446.3 1 0
github.com/yourusername/hft-poc/pkg/strategy/pairwise_arb_strategy.go:449.2,451.26 3 0
github.com/yourusername/hft-poc/pkg/strategy/pairwise_arb_strategy.go:451.26,453.3 1 0
github.com/yourusername/hft-poc/pkg/strategy/pairwise_arb_strategy.go:453.8,455.3 1 0
github.com/yourusername/hft-poc/pkg/strategy/pairwise_arb_strategy.go:457.2,477.26 5 0
github.com/yourusername/hft-poc/pkg/strategy/pairwise_arb_strategy.go:477.26,479.3 1 0
github.com/yourusername/hft-poc/pkg/strategy/pairwise_arb_strategy.go:479.8,481.3 1 0
github.com/yourusername/hft-poc/pkg/strategy/pairwise_arb_strategy.go:483.2,505.22 5 0
github.com/yourusername/hft-poc/pkg/strategy/pairwise_arb_strategy.go:509.74,513.22 3 0
github.com/yourusername/hft-poc/pkg/strategy/pairwise_arb_strategy.go:513.22,515.3 1 0
github.com/yourusername/hft-poc/pkg/strategy/pairwise_arb_strategy.go:518.2,518.28 1 0
github.com/yourusername/hft-poc/pkg/strategy/pairwise_arb_strategy.go:522.56,527.22 3 0
github.com/yourusername/hft-poc/pkg/strategy/pairwise_arb_strategy.go:527.22,529.3 1 0
github.com/yourusername/hft-poc/pkg/strategy/pairwise_arb_strategy.go:532.2,532.45 1 0
github.com/yourusername/hft-poc/pkg/strategy/pairwise_arb_strategy.go:532.45,536.3 1 0
github.com/yourusername/hft-poc/pkg/strategy/pairwise_arb_strategy.go:540.47,547.2 5 1
github.com/yourusername/hft-poc/pkg/strategy/pairwise_arb_strategy.go:550.46,557.2 5 1
github.com/yourusername/hft-poc/pkg/strategy/pairwise_arb_strategy.go:560.74,577.2 3 1
github.com/yourusername/hft-poc/pkg/strategy/passive_strategy.go:33.53,46.2 2 1
github.com/yourusername/hft-poc/pkg/strategy/passive_strategy.go:49.69,53.67 2 1
github.com/yourusername/hft-poc/pkg/strategy/passive_strategy.go:53.67,55.3 1 1
github.com/yourusername/hft-poc/pkg/strategy/passive_strategy.go:56.2,56.60 1 1
github.com/yourusername/hft-poc/pkg/strategy/passive_strategy.go:56.60,58.3 1 1
github.com/yourusername/hft-poc/pkg/strategy/passive_strategy.go:59.2,59.63 1 1
github.com/yourusername/hft-poc/pkg/strategy/passive_strategy.go:59.63,61.3 1 1
github.com/yourusername/hft-poc/pkg/strategy/passive_strategy.go:62.2,62.64 1 1
github.com/yourusername/hft-poc/pkg/strategy/passive_strategy.go:62.64,64.3 1 1
github.com/yourusername/hft-poc/pkg/strategy/passive_strategy.go:65.2,65.60 1 1
github.com/yourusername/hft-poc/pkg/strategy/passive_strategy.go:65.60,67.3 1 1
github.com/yourusername/hft-poc/pkg/strategy/passive_strategy.go:68.2,68.66 1 1
github.com/yourusername/hft-poc/pkg/strategy/passive_strategy.go:68.66,70.3 1 1
github.com/yourusername/hft-poc/pkg/strategy/passive_strategy.go:71.2,71.66 1 1
github.com/yourusername/hft-poc/pkg/strategy/passive_strategy.go:71.66,73.3 1 1
github.com/yourusername/hft-poc/pkg/strategy/passive_strategy.go:77.2,82.16 3 1
github.com/yourusername/hft-poc/pkg/strategy/passive_strategy.go:82.16,84.3 1 0
github.com/yourusername/hft-poc/pkg/strategy/passive_strategy.go:87.2,93.16 3 1
github.com/yourusername/hft-poc/pkg/strategy/passive_strategy.go:93.16,95.3 1 0
github.com/yourusername/hft-poc/pkg/strategy/passive_strategy.go:98.2,103.16 3 1
github.com/yourusername/hft-poc/pkg/strategy/passive_strategy.go:103.16,105.3 1 0
github.com/yourusername/hft-poc/pkg/strategy/passive_strategy.go:108.2,114.16 3 1
github.com/yourusername/hft-poc/pkg/strategy/passive_strategy.go:114.16,116.3 1 0
github.com/yourusername/hft-poc/pkg/strategy/passive_strategy.go:118.2,119.12 2 1
github.com/yourusername/hft-poc/pkg/strategy/passive_strategy.go:123.42,124.22 1 1
github.com/yourusername/hft-poc/pkg/strategy/passive_strategy.go:124.22,126.3 1 0
github.com/yourusername/hft-poc/pkg/strategy/passive_strategy.go:127.2,129.12 3 1
github.com/yourusername/hft-poc/pkg/strategy/passive_strategy.go:133.41,134.23 1 1
github.com/yourusername/hft-poc/pkg/strategy/passive_strategy.go:134.23,136.3 1 0
github.com/yourusername/hft-poc/pkg/strategy/passive_strategy.go:137.2,139.12 3 1
github.com/yourusername/hft-poc/pkg/strategy/passive_strategy.go:143.68,144.23 1 1
github.com/yourusername/hft-poc/pkg/strategy/passive_strategy.go:144.23,146.3 1 0
github.com/yourusername/hft-poc/pkg/strategy/passive_strategy.go:149.2,160.67 6 1
github.com/yourusername/hft-poc/pkg/strategy/passive_strategy.go:160.67,163.3 2 1
github.com/yourusername/hft-poc/pkg/strategy/passive_strategy.go:167.69,168.23 1 0
github.com/yourusername/hft-poc/pkg/strategy/passive_strategy.go:168.23,170.3 1 0
github.com/yourusername/hft-poc/pkg/strategy/passive_strategy.go:173.2,176.37 2 0
github.com/yourusername/hft-poc/pkg/strategy/passive_strategy.go:176.37,177.48 1 0
github.com/yourusername/hft-poc/pkg/strategy/passive_strategy.go:177.48,179.4 1 0
github.com/yourusername/hft-poc/pkg/strategy/passive_strategy.go:181.2,181.37 1 0
github.com/yourusername/hft-poc/pkg/strategy/passive_strategy.go:181.37,182.48 1 0
github.com/yourusername/hft-poc/pkg/strategy/passive_strategy.go:182.48,184.4 1 0
github.com/yourusername/hft-poc/pkg/strategy/passive_strategy.go:188.2,188.34 1 0
github.com/yourusername/hft-poc/pkg/strategy/passive_strategy.go:188.34,191.3 2 0
github.com/yourusername/hft-poc/pkg/strategy/passive_strategy.go:195.51,196.23 1 0
github.com/yourusername/hft-poc/pkg/strategy/passive_strategy.go:196.23,198.3 1 0
github.com/yourusername/hft-poc/pkg/strategy/passive_strategy.go:205.46,206.34 1 1
github.com/yourusername/hft-poc/pkg/strategy/passive_strategy.go:206.34,208.3 1 0
github.com/yourusername/hft-poc/pkg/strategy/passive_strategy.go:211.2,215.34 3 1
github.com/yourusername/hft-poc/pkg/strategy/passive_strategy.go:215.34,217.3 1 1
github.com/yourusername/hft-poc/pkg/strategy/passive_strategy.go:220.2,221.26 2 1
github.com/yourusername/hft-poc/pkg/strategy/passive_strategy.go:221.26,227.3 3 1
github.com/yourusername/hft-poc/pkg/strategy/passive_strategy.go:232.2,248.27 9 1
github.com/yourusername/hft-poc/pkg/strategy/passive_strategy.go:248.27,250.3 1 0
github.com/yourusername/hft-poc/pkg/strategy/passive_strategy.go:251.2,251.27 1 1
github.com/yourusername/hft-poc/pkg/strategy/passive_strategy.go:251.27,253.3 1 0
github.com/yourusername/hft-poc/pkg/strategy/passive_strategy.go:255.2,258.27 2 1
github.com/yourusername/hft-poc/pkg/strategy/passive_strategy.go:258.27,260.27 1 0
github.com/yourusername/hft-poc/pkg/strategy/passive_strategy.go:260.27,275.4 1 0
github.com/yourusername/hft-poc/pkg/strategy/passive_strategy.go:275.9,275.35 1 0
github.com/yourusername/hft-poc/pkg/strategy/passive_strategy.go:275.35,290.4 1 0
github.com/yourusername/hft-poc/pkg/strategy/passive_strategy.go:291.3,291.9 1 0
github.com/yourusername/hft-poc/pkg/strategy/passive_strategy.go:295.2,295.43 1 1
github.com/yourusername/hft-poc/pkg/strategy/passive_strategy.go:295.43,315.3 2 1
github.com/yourusername/hft-poc/pkg/strategy/passive_strategy.go:318.2,318.42 1 1
github.com/yourusername/hft-poc/pkg/strategy/passive_strategy.go:318.42,338.3 2 1
github.com/yourusername/hft-poc/pkg/strategy/passive_strategy.go:342.53,360.2 1 0
github.com/yourusername/hft-poc/pkg/strategy/strategy.go:75.68,87.2 1 1
github.com/yourusername/hft-poc/pkg/strategy/strategy.go:90.40,92.2 1 1
github.com/yourusername/hft-poc/pkg/strategy/strategy.go:95.42,97.2 1 1
github.com/yourusername/hft-poc/pkg/strategy/strategy.go:100.42,102.2 1 1
github.com/yourusername/hft-poc/pkg/strategy/strategy.go:105.49,107.2 1 1
github.com/yourusername/hft-poc/pkg/strategy/strategy.go:110.39,112.2 1 1
github.com/yourusername/hft-poc/pkg/strategy/strategy.go:115.55,117.2 1 1
github.com/yourusername/hft-poc/pkg/strategy/strategy.go:120.53,126.2 5 0
github.com/yourusername/hft-poc/pkg/strategy/strategy.go:129.55,133.2 3 1
github.com/yourusername/hft-poc/pkg/strategy/strategy.go:136.58,140.2 3 1
github.com/yourusername/hft-poc/pkg/strategy/strategy.go:143.67,148.47 2 1
github.com/yourusername/hft-poc/pkg/strategy/strategy.go:148.47,154.41 4 1
github.com/yourusername/hft-poc/pkg/strategy/strategy.go:154.41,156.60 1 1
github.com/yourusername/hft-poc/pkg/strategy/strategy.go:156.60,159.41 2 0
github.com/yourusername/hft-poc/pkg/strategy/strategy.go:159.41,161.6 1 0
github.com/yourusername/hft-poc/pkg/strategy/strategy.go:163.5,164.38 2 0
github.com/yourusername/hft-poc/pkg/strategy/strategy.go:168.4,171.31 4 1
github.com/yourusername/hft-poc/pkg/strategy/strategy.go:171.31,173.5 1 1
github.com/yourusername/hft-poc/pkg/strategy/strategy.go:174.9,176.60 1 1
github.com/yourusername/hft-poc/pkg/strategy/strategy.go:176.60,179.40 2 1
github.com/yourusername/hft-poc/pkg/strategy/strategy.go:179.40,181.6 1 0
github.com/yourusername/hft-poc/pkg/strategy/strategy.go:183.5,184.38 2 1
github.com/yourusername/hft-poc/pkg/strategy/strategy.go:188.4,191.32 4 1
github.com/yourusername/hft-poc/pkg/strategy/strategy.go:191.32,193.5 1 1
github.com/yourusername/hft-poc/pkg/strategy/strategy.go:196.3,197.38 2 1
github.com/yourusername/hft-poc/pkg/strategy/strategy.go:198.8,198.56 1 0
github.com/yourusername/hft-poc/pkg/strategy/strategy.go:198.56,200.3 1 0
github.com/yourusername/hft-poc/pkg/strategy/strategy.go:204.57,205.26 1 1
github.com/yourusername/hft-poc/pkg/strategy/strategy.go:205.26,207.3 1 1
github.com/yourusername/hft-poc/pkg/strategy/strategy.go:207.8,207.33 1 1
github.com/yourusername/hft-poc/pkg/strategy/strategy.go:207.33,210.3 1 1
github.com/yourusername/hft-poc/pkg/strategy/strategy.go:210.8,213.3 1 0
github.com/yourusername/hft-poc/pkg/strategy/strategy.go:215.2,217.31 3 1
github.com/yourusername/hft-poc/pkg/strategy/strategy.go:221.65,227.83 4 1
github.com/yourusername/hft-poc/pkg/strategy/strategy.go:227.83,229.3 1 0
github.com/yourusername/hft-poc/pkg/strategy/strategy.go:233.48,234.22 1 1
github.com/yourusername/hft-poc/pkg/strategy/strategy.go:234.22,236.3 1 0
github.com/yourusername/hft-poc/pkg/strategy/strategy.go:239.2,239.35 1 1
github.com/yourusername/hft-poc/pkg/strategy/strategy.go:239.35,240.63 1 1
github.com/yourusername/hft-poc/pkg/strategy/strategy.go:240.63,242.4 1 1
github.com/yourusername/hft-poc/pkg/strategy/strategy.go:246.2,246.31 1 1
github.com/yourusername/hft-poc/pkg/strategy/strategy.go:246.31,247.59 1 1
github.com/yourusername/hft-poc/pkg/strategy/strategy.go:247.59,249.4 1 0
github.com/yourusername/hft-poc/pkg/strategy/strategy.go:253.2,253.65 1 1
github.com/yourusername/hft-poc/pkg/strategy/strategy.go:253.65,254.47 1 0
github.com/yourusername/hft-poc/pkg/strategy/strategy.go:254.47,256.4 1 0
github.com/yourusername/hft-poc/pkg/strategy/strategy.go:259.2,259.13 1 1
github.com/yourusername/hft-poc/pkg/strategy/strategy.go:263.33,270.2 6 1
github.com/yourusername/hft-poc/pkg/strategy/strategy.go:273.25,274.11 1 1
github.com/yourusername/hft-poc/pkg/strategy/strategy.go:274.11,276.3 1 0
github.com/yourusername/hft-poc/pkg/strategy/strategy.go:277.2,277.10 1 1
github.com/yourusername/hft-poc/pkg/strategy/strategy.go:280.30,281.11 1 1
github.com/yourusername/hft-poc/pkg/strategy/strategy.go:281.11,283.3 1 0
github.com/yourusername/hft-poc/pkg/strategy/strategy.go:284.2,284.10 1 1
github.com/yourusername/hft-poc/pkg/strategy/strategy.go:287.34,288.11 1 0
github.com/yourusername/hft-poc/pkg/strategy/strategy.go:288.11,290.3 1 0
github.com/yourusername/hft-poc/pkg/strategy/strategy.go:291.2,291.10 1 0
github.com/yourusername/hft-poc/pkg/strategy/types.go:56.63,65.17 2 0
github.com/yourusername/hft-poc/pkg/strategy/types.go:66.20,67.33 1 0
github.com/yourusername/hft-poc/pkg/strategy/types.go:68.21,69.34 1 0
github.com/yourusername/hft-poc/pkg/strategy/types.go:73.2,73.22 1 0
github.com/yourusername/hft-poc/pkg/strategy/types.go:74.22,75.40 1 0
github.com/yourusername/hft-poc/pkg/strategy/types.go:76.23,77.41 1 0
github.com/yourusername/hft-poc/pkg/strategy/types.go:78.20,79.40 1 0
github.com/yourusername/hft-poc/pkg/strategy/types.go:80.20,81.40 1 0
github.com/yourusername/hft-poc/pkg/strategy/types.go:85.2,85.21 1 0
github.com/yourusername/hft-poc/pkg/strategy/types.go:86.14,87.40 1 0
github.com/yourusername/hft-poc/pkg/strategy/types.go:88.13,89.39 1 0
github.com/yourusername/hft-poc/pkg/strategy/types.go:90.14,91.40 1 0
github.com/yourusername/hft-poc/pkg/strategy/types.go:92.15,93.41 1 0
github.com/yourusername/hft-poc/pkg/strategy/types.go:96.2,96.12 1 0
github.com/yourusername/hft-poc/pkg/strategy/types.go:114.43,116.2 1 1
github.com/yourusername/hft-poc/pkg/strategy/types.go:119.34,121.2 1 1
github.com/yourusername/hft-poc/pkg/strategy/types.go:124.34,126.2 1 1
github.com/yourusername/hft-poc/pkg/strategy/types.go:129.35,131.2 1 0
github.com/yourusername/hft-poc/pkg/strategy/types.go:176.67,186.50 2 1
github.com/yourusername/hft-poc/pkg/strategy/types.go:186.50,191.3 4 1
github.com/yourusername/hft-poc/pkg/strategy/types.go:193.2,193.24 1 1
github.com/yourusername/hft-poc/pkg/strategy/types.go:193.24,195.3 1 1
github.com/yourusername/hft-poc/pkg/strategy/types.go:196.2,196.24 1 1
github.com/yourusername/hft-poc/pkg/strategy/types.go:196.24,198.3 1 1
github.com/yourusername/hft-poc/pkg/strategy/types.go:200.2,200.14 1 1
